[19:45:11] [ServerMain/INFO]: Environment: Environment[sessionHost=https://sessionserver.mojang.com, servicesHost=https://api.minecraftservices.com, profilesHost=https://api.mojang.com, name=PROD]
[19:45:13] [ServerMain/INFO]: Loaded 1461 recipes
[19:45:13] [ServerMain/INFO]: Loaded 1574 advancements
[19:45:13] [Server thread/INFO]: Starting minecraft server version 1.21.10
[19:45:13] [Server thread/INFO]: Loading properties
[19:45:13] [Server thread/INFO]: Default game type: SURVIVAL
[19:45:13] [Server thread/INFO]: Generating keypair
[19:45:13] [Server thread/INFO]: Starting Minecraft server on *:25565
[19:45:13] [Server thread/INFO]: Using epoll channel type
[19:45:13] [Server thread/WARN]: **** SERVER IS RUNNING IN OFFLINE/INSECURE MODE!
[19:45:13] [Server thread/WARN]: The server will make no attempt to authenticate usernames. Beware.
[19:45:13] [Server thread/WARN]: While this makes the game possible to play without internet access, it also opens up the ability for hackers to connect with any username they choose.
[19:45:13] [Server thread/WARN]: To change this, set "online-mode" to "true" in the server.properties file.
[19:45:13] [Server thread/INFO]: Preparing level "world"
[19:45:13] [Server thread/INFO]: Loading 0 persistent chunks...
[19:45:13] [Server thread/INFO]: Preparing spawn area: 100%
[19:45:13] [Server thread/INFO]: Time elapsed: 19 ms
[19:45:13] [Server thread/INFO]: Done (0.412s)! For help, type "help"
[19:45:22] [Server thread/INFO]: Zy0r[/10.242.149.228:63814] logged in with entity id 101 at (-1472.9256466042011, 71.0, -1482.237500011921)
[19:45:22] [Server thread/INFO]: Zy0r joined the game
[19:45:25] [Server thread/INFO]: hoa_xd[/10.242.148.126:55793] logged in with entity id 319 at (-789.3120067360034, 71.0, -3783.159918852101)
[19:45:25] [Server thread/INFO]: hoa_xd joined the game
[19:46:49] [Server thread/INFO]: ADRC_Xx[/10.242.96.252:59322] logged in with entity id 2260 at (-1360.354703121039, 22.0, -1502.7408262131225)
[19:46:49] [Server thread/INFO]: ADRC_Xx joined the game
[19:56:55] [Server thread/INFO]: hoa_xd lost connection: Disconnected
[19:56:55] [Server thread/INFO]: hoa_xd left the game
[19:57:01] [Server thread/INFO]: hoa_xd[/10.242.148.126:58785] logged in with entity id 9538 at (-1473.30872343346, 71.0, -1482.339861020638)
[19:57:01] [Server thread/INFO]: hoa_xd joined the game
[19:57:06] [Server thread/INFO]: hoa_xd lost connection: Disconnected
[19:57:06] [Server thread/INFO]: hoa_xd left the game
[19:57:06] [Server thread/INFO]: ADRC_Xx lost connection: Disconnected
[19:57:06] [Server thread/INFO]: ADRC_Xx left the game
[19:57:12] [Server thread/INFO]: hoa_xd[/10.242.148.126:58793] logged in with entity id 9611 at (-1473.847788150053, 71.0, -1483.3464531243728)
[19:57:12] [Server thread/INFO]: hoa_xd joined the game
[19:57:16] [Server thread/INFO]: ADRC_Xx[/10.242.96.252:51030] logged in with entity id 9665 at (-1470.5994557477627, 71.0, -1483.3429129435)
[19:57:16] [Server thread/INFO]: ADRC_Xx joined the game
[19:58:32] [Server thread/INFO]: ADRC_Xx has made the advancement [Eye Spy]
[19:58:38] [Server thread/INFO]: hoa_xd has made the advancement [Eye Spy]
[20:03:46] [Server thread/INFO]: [Not Secure] <hoa_xd> XDD
[20:04:37] [Server thread/INFO]: ADRC_Xx has made the advancement [The End?]
[20:04:38] [Server thread/INFO]: Scanning for legacy world dragon fight...
[20:04:38] [Server thread/INFO]: Found that the dragon has not yet been killed in this world.
[20:04:39] [Server thread/INFO]: hoa_xd has made the advancement [The End?]
[20:04:39] [Server thread/WARN]: Can't keep up! Is the server overloaded? Running 2458ms or 49 ticks behind
[20:04:43] [Server thread/INFO]: Zy0r has made the advancement [The End?]
[20:05:16] [Server thread/INFO]: [Not Secure] <hoa_xd> esperen necesito armadura
[20:05:19] [Server thread/INFO]: hoa_xd has made the advancement [Suit Up]
[20:05:21] [Server thread/INFO]: [Not Secure] <hoa_xd> XDD
[20:05:24] [Server thread/INFO]: [Not Secure] <Zy0r> XD
[20:06:31] [Server thread/INFO]: ADRC_Xx was blown up by ADRC_Xx
[20:06:34] [Server thread/INFO]: [Not Secure] <hoa_xd> XDDD
[20:06:43] [Server thread/INFO]: [Not Secure] <hoa_xd> se mato solo what
[20:06:45] [Server thread/INFO]: [Not Secure] <hoa_xd> aura
[20:06:50] [Server thread/INFO]: [Zy0r: Teleported ADRC_Xx to Zy0r]
[20:07:19] [Server thread/INFO]: [Not Secure] <hoa_xd> entro mi mama
[20:07:20] [Server thread/INFO]: [Not Secure] <hoa_xd> ekisde
[20:07:56] [Server thread/INFO]: hoa_xd lost connection: Disconnected
[20:07:56] [Server thread/INFO]: hoa_xd left the game
[20:08:07] [Server thread/INFO]: hoa_xd[/10.242.148.126:55910] logged in with entity id 12641 at (7.585448407340493, 78.26719092154936, -10.409313072362965)
[20:08:07] [Server thread/INFO]: hoa_xd joined the game
[20:08:09] [Server thread/INFO]: hoa_xd fell from a high place
[20:08:12] [Server thread/INFO]: [Not Secure] <hoa_xd> kore
[20:08:14] [Server thread/INFO]: [Not Secure] <hoa_xd> XD
[20:08:16] [Server thread/INFO]: [Not Secure] <Zy0r> xd
[20:08:28] [Server thread/INFO]: [Not Secure] <hoa_xd> por no traer enderpearls
[20:08:32] [Server thread/INFO]: [Zy0r: Teleported hoa_xd to ADRC_Xx]
[20:08:40] [Server thread/INFO]: [Not Secure] <hoa_xd> ndetavy mi skin
[20:08:43] [Server thread/INFO]: [Not Secure] <Zy0r> xd
[20:08:43] [Server thread/INFO]: [Not Secure] <hoa_xd> XDD
[20:08:47] [Server thread/INFO]: [Not Secure] <Zy0r> DXDD
[20:08:47] [Server thread/INFO]: [Not Secure] <ADRC_Xx> KAJAJAJ
[20:08:52] [Server thread/INFO]: [Not Secure] <hoa_xd> JAJAJ
[20:08:56] [Server thread/INFO]: [Not Secure] <Zy0r> es mi heore
[20:09:41] [Server thread/INFO]: [Not Secure] [Server] asd
[20:10:02] [Server thread/INFO]: hoa_xd was doomed to fall by Ender Dragon
[20:10:15] [Server thread/INFO]: [Zy0r: Teleported hoa_xd to Zy0r]
[20:11:15] [Server thread/INFO]: chino555[/10.242.90.119:65096] logged in with entity id 14021 at (-5412.297032559951, 72.0, 6237.9050504685)
[20:11:15] [Server thread/INFO]: chino555 joined the game
[20:12:49] [Server thread/INFO]: chino555 has made the advancement [The End?]
[20:12:49] [Server thread/INFO]: [Zy0r: Teleported chino555 to Zy0r]
[20:16:36] [Server thread/INFO]: [Not Secure] <chino555> bow
[20:16:38] [Server thread/INFO]: [Not Secure] <chino555> y arows
[20:16:41] [Server thread/INFO]: [Not Secure] <chino555> arrows
[20:16:54] [Server thread/INFO]: [Zy0r: Gave 1 [Bow] to chino555]
[20:17:01] [Server thread/INFO]: [Zy0r: Gave 128 [Arrow] to chino555]
[20:17:30] [Server thread/INFO]: chino555 has made the advancement [Take Aim]
[20:18:15] [Server thread/INFO]: [Zy0r: Gave 1 [Bow] to 4]
[20:18:23] [Server thread/INFO]: [Zy0r: Gave 128 [Arrow] to 4]
[20:18:24] [Server thread/INFO]: hoa_xd has made the advancement [Take Aim]
[20:18:41] [Server thread/INFO]: ADRC_Xx has made the advancement [Take Aim]
[20:20:09] [Server thread/INFO]: Zy0r has made the advancement [Free the End]
[20:20:47] [Server thread/INFO]: Zy0r has reached the goal [The Next Generation]
[20:21:38] [Server thread/INFO]: ADRC_Xx has made the advancement [Remote Getaway]
[20:21:39] [Server thread/INFO]: hoa_xd has reached the goal [The Next Generation]
[20:21:58] [Server thread/INFO]: chino555 has made the advancement [Remote Getaway]
[20:22:29] [Server thread/INFO]: Zy0r has made the advancement [Remote Getaway]
[20:24:41] [Server thread/INFO]: hoa_xd has made the advancement [Remote Getaway]
[20:28:29] [Server thread/INFO]: ADRC_Xx has made the advancement [The City at the End of the Game]
[20:28:40] [Server thread/INFO]: ADRC_Xx has reached the goal [Sky's the Limit]
[20:29:08] [Server thread/INFO]: hoa_xd has made the advancement [The City at the End of the Game]
[20:29:09] [Server thread/INFO]: Zy0r has made the advancement [The City at the End of the Game]
[20:31:50] [Server thread/INFO]: chino555 has made the advancement [The City at the End of the Game]
[20:31:56] [Server thread/INFO]: chino555 has reached the goal [Sky's the Limit]
[20:34:32] [Server thread/INFO]: chino555 lost connection: Disconnected
[20:34:32] [Server thread/INFO]: chino555 left the game
[20:34:48] [Server thread/INFO]: [Not Secure] [Server] asd
[20:37:27] [Server thread/INFO]: ADRC_Xx has made the advancement [Cover Me with Diamonds]
[20:41:49] [Server thread/INFO]: Seed: [3399881789578362950]
[20:42:02] [Server thread/INFO]: [Not Secure] [Server] asd
[20:45:24] [Server thread/INFO]: hoa_xd has reached the goal [Sky's the Limit]
[20:45:59] [Server thread/INFO]: Zy0r has reached the goal [Sky's the Limit]
[20:47:31] [Server thread/WARN]: Zy0r moved wrongly!
[20:47:41] [Server thread/WARN]: Zy0r moved wrongly!
[20:47:43] [Server thread/WARN]: Zy0r moved wrongly!
[20:47:43] [Server thread/WARN]: Zy0r moved wrongly!
[20:52:00] [Server thread/INFO]: [Not Secure] [Server] asd
[20:52:48] [Server thread/WARN]: Zy0r moved wrongly!
[20:52:59] [Server thread/INFO]: ADRC_Xx lost connection: Disconnected
[20:52:59] [Server thread/INFO]: ADRC_Xx left the game
[20:53:13] [Server thread/WARN]: Zy0r moved wrongly!
[20:53:14] [Server thread/WARN]: Zy0r moved wrongly!
[20:53:22] [Server thread/WARN]: Zy0r moved wrongly!
[20:53:54] [Server thread/WARN]: hoa_xd moved too quickly! 7.219981227753351,-57.503304155091584,4.861523583388134
[20:58:38] [Server thread/INFO]: hoa_xd lost connection: Disconnected
[20:58:38] [Server thread/INFO]: hoa_xd left the game
[20:58:53] [Server thread/INFO]: [Not Secure] [Server] asd
[21:00:32] [Server thread/INFO]: ADRC_Xx[/10.242.96.252:50517] logged in with entity id 24684 at (109.30064544010015, 73.0, 1286.300000011921)
[21:00:32] [Server thread/INFO]: ADRC_Xx joined the game
[21:02:31] [Server thread/WARN]: Zy0r moved wrongly!
[21:04:34] [Server thread/INFO]: Zy0r has completed the challenge [Great View From Up Here]
[21:12:47] [Server thread/WARN]: Zy0r moved too quickly! 7.694233188044564,0.0,-8.977846835666696
[21:14:19] [Server thread/WARN]: Zy0r moved too quickly! 1.5086835183801668,0.0,11.698844495673711
[21:15:37] [Server thread/WARN]: Zy0r moved too quickly! -10.095341722535295,0.0,3.7338276828918424
[21:15:38] [Server thread/WARN]: Zy0r moved too quickly! -16.23193678981056,0.0,6.003487212072287
[21:15:41] [Server thread/WARN]: Zy0r moved too quickly! -15.607597599477913,0.0,5.7725713088320845
[21:15:42] [Server thread/WARN]: Zy0r moved too quickly! -14.29449693931906,0.0,5.286912504001521
[21:15:47] [Server thread/WARN]: Zy0r moved too quickly! -10.52920248168516,0.0,4.974810298794182
[21:15:51] [Server thread/WARN]: Zy0r moved too quickly! 19.56129117827595,-0.09580600145498863,-7.000988215334019
[21:16:06] [Server thread/WARN]: Zy0r moved too quickly! 1.7127111298277669,9.866337466394654,-0.7615514659892142
[21:21:55] [Server thread/WARN]: Zy0r moved too quickly! -1.1500878693267396,0.0,20.369090860409415
[21:23:08] [Server thread/INFO]: [Not Secure] <Zy0r> evengelion
[21:25:18] [Server thread/INFO]: [Not Secure] [Server] asd
[21:29:18] [Server thread/INFO]: [Not Secure] [Server] asd
[21:35:39] [Server thread/WARN]: Zy0r moved too quickly! -19.853927527823316,0.0,0.3712201931693926
[21:36:11] [Server thread/WARN]: Zy0r moved too quickly! -20.166934546915172,0.04046159890643253,2.0242028410848434
[21:41:44] [Server thread/WARN]: Zy0r moved too quickly! -13.708333694749399,0.0,12.676457274415952
[21:42:34] [Server thread/WARN]: Zy0r moved wrongly!
[21:42:44] [Server thread/WARN]: Zy0r moved too quickly! -16.675561508190412,6.984955584000005,5.44956932947116
[21:45:49] [Server thread/INFO]: ADRC_Xx lost connection: Disconnected
[21:45:49] [Server thread/INFO]: ADRC_Xx left the game
[21:46:03] [Server thread/INFO]: ADRC_Xx[/10.242.96.252:58098] logged in with entity id 37634 at (1324.220342654507, 117.96490872020566, 3280.2853014646607)
[21:46:03] [Server thread/INFO]: ADRC_Xx joined the game
[21:46:06] [Server thread/INFO]: ADRC_Xx was slain by Shulker
[21:46:27] [Server thread/INFO]: hoa_xd[/10.242.148.126:64758] logged in with entity id 38383 at (-1528.3560483007686, 91.48424901149532, 2266.058807177616)
[21:46:27] [Server thread/INFO]: hoa_xd joined the game
[21:46:28] [Server thread/INFO]: hoa_xd was slain by Shulker
[21:46:33] [Server thread/INFO]: [Not Secure] <hoa_xd> haceme tp juan
[21:46:36] [Server thread/INFO]: [Not Secure] <Zy0r> XDDD
[21:46:42] [Server thread/INFO]: [Not Secure] <ADRC_Xx> estamos igual hoa
[21:46:44] [Server thread/INFO]: [Not Secure] <hoa_xd> XDD
[21:46:50] [Server thread/INFO]: [Not Secure] <hoa_xd> estaba esperando a que se muera axel nomas
[21:46:52] [Server thread/INFO]: [Not Secure] <hoa_xd> mboreee
[21:46:53] [Server thread/INFO]: [Not Secure] <Zy0r> XD
[21:46:57] [Server thread/INFO]: [Not Secure] <ADRC_Xx> me acaba de hacer lo mismo
[21:47:00] [Server thread/INFO]: [Not Secure] [Server] asd
[21:48:25] [Server thread/INFO]: [Zy0r: Teleported 3 entities to Zy0r]
[21:48:52] [Server thread/INFO]: [Zy0r: Teleported ADRC_Xx to 1324.500000, 117.000000, 3280.500000]
[21:48:54] [Server thread/INFO]: ADRC_Xx was doomed to fall by hoa_xd
[21:49:10] [Server thread/INFO]: [Zy0r: Teleported 3 entities to Zy0r]
[21:49:20] [Server thread/INFO]: [Zy0r: Teleported ADRC_Xx to 1324.500000, 117.000000, 3280.500000]
[21:49:22] [Server thread/INFO]: ADRC_Xx fell from a high place
[21:50:36] [Server thread/INFO]: [Zy0r: Gave 16 [Ender Pearl] to 3]
[21:51:05] [Server thread/INFO]: [Zy0r: Teleported ADRC_Xx to 1324.500000, 117.000000, 3280.500000]
[21:51:20] [Server thread/INFO]: [Not Secure] [Server] asd
[21:52:46] [Server thread/INFO]: [Zy0r: Teleported hoa_xd to -1527.500000, 91.000000, 2266.500000]
[21:52:47] [Server thread/INFO]: hoa_xd fell from a high place
[21:53:03] [Server thread/INFO]: [Zy0r: Teleported hoa_xd to Zy0r]
[21:53:06] [Server thread/INFO]: [Zy0r: Teleported hoa_xd to -1527.500000, 91.000000, 2266.500000]
[21:53:19] [Server thread/INFO]: hoa_xd was slain by Shulker
[21:53:24] [Server thread/INFO]: [Zy0r: Teleported hoa_xd to Zy0r]
[21:53:54] [Server thread/INFO]: [Zy0r: Teleported hoa_xd to -1527.500000, 91.000000, 2266.500000]
[21:54:02] [Server thread/INFO]: hoa_xd was slain by Shulker
[21:54:29] [Server thread/INFO]: [Zy0r: Teleported Zy0r to -1834.500000, 134.000000, 5875.500000]
[21:54:45] [Server thread/INFO]: [Zy0r: Set own game mode to Creative Mode]
[21:54:57] [Server thread/INFO]: [Zy0r: Teleported Zy0r to -1527.500000, 100.000000, 2266.500000]
[21:55:11] [Server thread/INFO]: [Zy0r: Teleported hoa_xd to Zy0r]
[21:55:33] [Server thread/INFO]: [Zy0r: Teleported hoa_xd to Zy0r]
[21:55:48] [Server thread/INFO]: [Zy0r: Teleported Zy0r to -1834.500000, 134.000000, 5875.500000]
[21:55:54] [Server thread/INFO]: [Zy0r: Set own game mode to Survival Mode]
[21:55:58] [Server thread/INFO]: [Not Secure] [Server] asd
[21:56:16] [Server thread/WARN]: hoa_xd moved too quickly! -6.304507151903408,-8.820733743145738,4.752421942154797
[21:57:29] [Server thread/INFO]: [Zy0r: Gave 1 [Firework Star] to ADRC_Xx]
[21:57:43] [Server thread/INFO]: [Zy0r: Gave 1 [Firework Rocket] to ADRC_Xx]
[21:59:21] [Server thread/INFO]: ADRC_Xx was slain by Enderman
[22:00:31] [Server thread/INFO]: [Zy0r: Teleported ADRC_Xx to Zy0r]
[22:00:32] [Server thread/INFO]: [Zy0r: Teleported ADRC_Xx to 991.500000, 67.000000, 3892.500000]
[22:02:01] [Server thread/INFO]: [Not Secure] [Server] asd
[22:04:02] [Server thread/INFO]: ADRC_Xx lost connection: Disconnected
[22:04:02] [Server thread/INFO]: ADRC_Xx left the game
[22:04:16] [Server thread/WARN]: Zy0r moved too quickly! 14.199796776149242,1.76400000000001,11.91994212309146
[22:09:48] [Server thread/INFO]: [Not Secure] [Server] asd
[22:13:28] [Server thread/INFO]: [Not Secure] [Server] asd
[22:18:26] [Server thread/INFO]: [Not Secure] [Server] asd
[22:22:06] [Server thread/WARN]: Mismatch in destroy block pos: ja{x=-1395, y=106, z=-1513} ja{x=-1393, y=107, z=-1513}
[22:23:37] [Server thread/WARN]: Mismatch in destroy block pos: ja{x=-1377, y=106, z=-1496} ja{x=-1376, y=107, z=-1489}
[22:25:30] [Server thread/WARN]: Zy0r moved wrongly!
[22:26:45] [Server thread/INFO]: [Not Secure] <Zy0r> me voya comprar algo
[22:26:54] [Server thread/INFO]: [Not Secure] <Zy0r> por hoy creo que mejor se cierra el server no?
[22:27:00] [Server thread/INFO]: [Not Secure] [Server] asd
[22:27:02] [Server thread/INFO]: Unknown or incomplete command. See below for error
[22:27:02] [Server thread/INFO]: <--[HERE]
[22:27:23] [Server thread/INFO]: [Not Secure] [Server] asd
[22:28:37] [Server thread/INFO]: [Not Secure] <hoa_xd> dale cerra nomas
[22:28:51] [Server thread/INFO]: [Not Secure] <hoa_xd> chau
[22:28:57] [Server thread/INFO]: hoa_xd lost connection: Disconnected
[22:28:57] [Server thread/INFO]: hoa_xd left the game
[22:32:48] [Server thread/INFO]: Zy0r lost connection: Timed out
[22:32:48] [Server thread/INFO]: Zy0r left the game
[22:32:48] [Server thread/WARN]: handleDisconnection() called twice
[22:33:48] [Server thread/INFO]: Server empty for 60 seconds, pausing
[22:34:15] [Server thread/INFO]: [Not Secure] [Server] asd
[22:34:24] [Server thread/INFO]: Zy0r[/10.242.149.228:60260] logged in with entity id 56260 at (-1396.0328107864798, 107.0, -1512.9030507958696)
[22:34:24] [Server thread/INFO]: Zy0r joined the game
[22:34:45] [Server thread/INFO]: [Not Secure] [Server] asd
[22:35:50] [Server thread/INFO]: [Not Secure] [Server] asd
[22:36:04] [Server thread/INFO]: [Not Secure] [Server] asd
[22:41:54] [Server thread/INFO]: Zy0r lost connection: Timed out
[22:41:54] [Server thread/INFO]: Zy0r left the game
[22:42:54] [Server thread/INFO]: Server empty for 60 seconds, pausing
[22:43:16] [Server thread/INFO]: [Not Secure] [Server] asd
[22:43:25] [Server thread/INFO]: Zy0r[/10.242.149.228:63741] logged in with entity id 57456 at (-1396.5981400308895, 107.0, -1513.8469035448034)
[22:43:25] [Server thread/INFO]: Zy0r joined the game
[22:49:40] [Server thread/WARN]: Zy0r moved too quickly! -12.914935821232802,3.427488136196132,-1.9783077903591675
[22:50:28] [Server thread/WARN]: Mismatch in destroy block pos: ja{x=-2191, y=100, z=-1526} ja{x=-2191, y=99, z=-1527}
[22:50:28] [Server thread/WARN]: Mismatch in destroy block pos: ja{x=-2191, y=100, z=-1526} ja{x=-2191, y=99, z=-1527}
[22:50:28] [Server thread/WARN]: Mismatch in destroy block pos: ja{x=-2191, y=100, z=-1526} ja{x=-2191, y=99, z=-1527}
[22:50:29] [Server thread/WARN]: Mismatch in destroy block pos: ja{x=-2192, y=102, z=-1528} ja{x=-2192, y=101, z=-1529}
[22:50:29] [Server thread/WARN]: Mismatch in destroy block pos: ja{x=-2192, y=102, z=-1528} ja{x=-2192, y=101, z=-1529}
[22:50:29] [Server thread/WARN]: Mismatch in destroy block pos: ja{x=-2193, y=102, z=-1528} ja{x=-2192, y=101, z=-1529}
[22:50:29] [Server thread/WARN]: Mismatch in destroy block pos: ja{x=-2193, y=102, z=-1528} ja{x=-2192, y=101, z=-1529}
[22:50:29] [Server thread/WARN]: Mismatch in destroy block pos: ja{x=-2193, y=102, z=-1528} ja{x=-2192, y=101, z=-1529}
[22:50:30] [Server thread/WARN]: Mismatch in destroy block pos: ja{x=-2193, y=102, z=-1527} ja{x=-2192, y=101, z=-1529}
[22:50:30] [Server thread/WARN]: Mismatch in destroy block pos: ja{x=-2193, y=102, z=-1527} ja{x=-2192, y=101, z=-1529}
[22:50:30] [Server thread/WARN]: Mismatch in destroy block pos: ja{x=-2193, y=102, z=-1527} ja{x=-2192, y=101, z=-1529}
[22:50:30] [Server thread/WARN]: Mismatch in destroy block pos: ja{x=-2193, y=102, z=-1527} ja{x=-2192, y=101, z=-1529}
[22:50:30] [Server thread/WARN]: Mismatch in destroy block pos: ja{x=-2194, y=102, z=-1528} ja{x=-2195, y=101, z=-1528}
[22:50:31] [Server thread/WARN]: Mismatch in destroy block pos: ja{x=-2198, y=103, z=-1528} ja{x=-2199, y=102, z=-1528}
[22:50:31] [Server thread/WARN]: Mismatch in destroy block pos: ja{x=-2198, y=103, z=-1528} ja{x=-2199, y=102, z=-1528}
[22:50:31] [Server thread/WARN]: Mismatch in destroy block pos: ja{x=-2198, y=103, z=-1528} ja{x=-2199, y=102, z=-1528}
[22:50:31] [Server thread/WARN]: Mismatch in destroy block pos: ja{x=-2198, y=103, z=-1528} ja{x=-2199, y=102, z=-1528}
[22:50:45] [Server thread/WARN]: Mismatch in destroy block pos: ja{x=-2194, y=102, z=-1526} ja{x=-2195, y=100, z=-1526}
[22:51:43] [Server thread/WARN]: Zy0r moved too quickly! 12.58759322271976,0.0,0.5558416127360033
[22:52:26] [Server thread/INFO]: Stopping the server
[22:52:26] [Server thread/INFO]: Stopping server
[22:52:26] [Server thread/INFO]: Saving players
[22:52:26] [Server thread/INFO]: Saving worlds
[22:52:26] [Server thread/INFO]: Saving chunks for level 'ServerLevel[world]'/minecraft:overworld
[22:52:26] [Server thread/INFO]: Saving chunks for level 'ServerLevel[world]'/minecraft:the_end
[22:52:26] [Server thread/INFO]: Saving chunks for level 'ServerLevel[world]'/minecraft:the_nether
[22:52:26] [Server thread/INFO]: ThreadedAnvilChunkStorage (world): All chunks are saved
[22:52:26] [Server thread/INFO]: ThreadedAnvilChunkStorage (DIM1): All chunks are saved
[22:52:26] [Server thread/INFO]: ThreadedAnvilChunkStorage (DIM-1): All chunks are saved
[22:52:26] [Server thread/INFO]: ThreadedAnvilChunkStorage: All dimensions are saved
